TN:
SF:src\AuthContext.tsx
FNF:0
FNH:0
DA:3,0
LF:1
LH:0
BRF:0
BRH:0
end_of_record
TN:
SF:src\components\Form\Button\index.tsx
FN:14,Button
FNF:1
FNH:1
FNDA:4,Button
DA:19,4
LF:1
LH:1
BRF:0
BRH:0
end_of_record
TN:
SF:src\components\Form\CategorySelectButton\index.tsx
FN:15,CategorySelectButton
FNF:1
FNH:1
FNDA:2,CategorySelectButton
DA:16,2
LF:1
LH:1
BRF:0
BRH:0
end_of_record
TN:
SF:src\components\Form\Input\index.tsx
FN:12,Input
FNF:1
FNH:1
FNDA:5,Input
DA:16,5
LF:1
LH:1
BRDA:13,0,0,4
BRF:1
BRH:1
end_of_record
TN:
SF:src\components\Form\InputForm\index.tsx
FN:15,InputForm
FN:26,(anonymous_1)
FNF:2
FNH:2
FNDA:4,InputForm
FNDA:4,(anonymous_1)
DA:22,4
DA:27,4
LF:2
LH:2
BRDA:35,0,0,4
BRDA:35,0,1,0
BRF:2
BRH:1
end_of_record
TN:
SF:src\components\Form\TransactionTypeButton\index.tsx
FN:22,TransactionTypeButton
FNF:1
FNH:1
FNDA:4,TransactionTypeButton
DA:11,1
DA:28,4
LF:2
LH:2
BRF:0
BRH:0
end_of_record
TN:
SF:src\components\HighlightCard\index.tsx
FN:26,HighlightCard
FNF:1
FNH:0
FNDA:0,HighlightCard
DA:20,0
DA:33,0
LF:2
LH:0
BRF:0
BRH:0
end_of_record
TN:
SF:src\components\HistoryCard\index.tsx
FN:15,HistoryCard
FNF:1
FNH:0
FNDA:0,HistoryCard
DA:20,0
LF:1
LH:0
BRF:0
BRH:0
end_of_record
TN:
SF:src\components\SignInSocialButton\index.tsx
FN:16,SignInSocialButton
FNF:1
FNH:0
FNDA:0,SignInSocialButton
DA:21,0
LF:1
LH:0
BRF:0
BRH:0
end_of_record
TN:
SF:src\components\TransactionCard\index.tsx
FN:28,TransactionCard
FN:33,(anonymous_1)
FNF:2
FNH:0
FNDA:0,TransactionCard
FNDA:0,(anonymous_1)
DA:32,0
DA:33,0
DA:36,0
LF:3
LH:0
BRDA:41,0,0,0
BRDA:41,0,1,0
BRF:2
BRH:0
end_of_record
TN:
SF:src\hooks\auth.tsx
FN:34,AuthProvider
FN:40,signInWithGoogle
FN:65,signInWithApple
FN:93,signOut
FN:99,(anonymous_4)
FN:100,loadUserStorageData
FN:127,useAuth
FNF:7
FNH:5
FNDA:7,AuthProvider
FNDA:3,signInWithGoogle
FNDA:0,signInWithApple
FNDA:0,signOut
FNDA:3,(anonymous_4)
FNDA:3,loadUserStorageData
FNDA:9,useAuth
DA:32,2
DA:35,7
DA:36,7
DA:38,7
DA:41,3
DA:42,3
DA:48,3
DA:49,1
DA:56,1
DA:57,1
DA:61,1
DA:66,0
DA:67,0
DA:74,0
DA:75,0
DA:76,0
DA:77,0
DA:84,0
DA:85,0
DA:89,0
DA:94,0
DA:96,0
DA:99,7
DA:101,3
DA:103,3
DA:104,0
DA:105,0
DA:108,3
DA:111,3
DA:114,7
DA:128,9
DA:130,9
LF:32
LH:19
BRDA:48,0,0,1
BRDA:48,0,1,1
BRDA:74,1,0,0
BRDA:74,1,1,0
BRDA:103,2,0,0
BRDA:103,2,1,3
BRF:6
BRH:3
end_of_record
TN:
SF:src\routes\app.routes.tsx
FN:13,AppRoutes
FN:32,(anonymous_1)
FN:46,(anonymous_2)
FN:60,(anonymous_3)
FNF:4
FNH:0
FNDA:0,AppRoutes
FNDA:0,(anonymous_1)
FNDA:0,(anonymous_2)
FNDA:0,(anonymous_3)
DA:11,0
DA:14,0
DA:16,0
DA:33,0
DA:47,0
DA:61,0
LF:6
LH:0
BRDA:23,0,0,0
BRDA:23,0,1,0
BRF:2
BRH:0
end_of_record
TN:
SF:src\routes\auth.routes.tsx
FN:8,AuthRoutes
FNF:1
FNH:0
FNDA:0,AuthRoutes
DA:6,0
DA:9,0
LF:2
LH:0
BRF:0
BRH:0
end_of_record
TN:
SF:src\routes\index.tsx
FN:9,Routes
FNF:1
FNH:0
FNDA:0,Routes
DA:10,0
DA:12,0
LF:2
LH:0
BRDA:14,0,0,0
BRDA:14,0,1,0
BRF:2
BRH:0
end_of_record
TN:
SF:src\screens\CategorySelect\index.tsx
FN:30,CategorySelect
FN:36,handleCategorySelect
FN:49,(anonymous_2)
FN:50,(anonymous_3)
FN:52,(anonymous_4)
FN:59,(anonymous_5)
FNF:6
FNH:4
FNDA:2,CategorySelect
FNDA:0,handleCategorySelect
FNDA:12,(anonymous_2)
FNDA:12,(anonymous_3)
FNDA:0,(anonymous_4)
FNDA:10,(anonymous_5)
DA:37,0
DA:40,2
DA:49,12
DA:51,12
DA:52,0
DA:59,10
LF:6
LH:4
BRF:0
BRH:0
end_of_record
TN:
SF:src\screens\Dashboard\index.tsx
FN:46,Dashboard
FN:55,getLastTransactionDate
FN:60,(anonymous_2)
FN:66,(anonymous_3)
FN:72,loadTransactions
FN:82,(anonymous_5)
FN:153,(anonymous_6)
FN:157,(anonymous_7)
FN:217,(anonymous_8)
FN:218,(anonymous_9)
FNF:10
FNH:0
FNDA:0,Dashboard
FNDA:0,getLastTransactionDate
FNDA:0,(anonymous_2)
FNDA:0,(anonymous_3)
FNDA:0,loadTransactions
FNDA:0,(anonymous_5)
FNDA:0,(anonymous_6)
FNDA:0,(anonymous_7)
FNDA:0,(anonymous_8)
FNDA:0,(anonymous_9)
DA:47,0
DA:48,0
DA:49,0
DA:51,0
DA:53,0
DA:59,0
DA:60,0
DA:62,0
DA:64,0
DA:66,0
DA:69,0
DA:73,0
DA:75,0
DA:76,0
DA:78,0
DA:79,0
DA:81,0
DA:84,0
DA:85,0
DA:87,0
DA:90,0
DA:95,0
DA:101,0
DA:111,0
DA:112,0
DA:113,0
DA:118,0
DA:120,0
DA:121,0
DA:150,0
DA:153,0
DA:154,0
DA:157,0
DA:158,0
DA:161,0
DA:217,0
DA:218,0
LF:37
LH:0
BRDA:62,0,0,0
BRDA:62,0,1,0
BRDA:76,1,0,0
BRDA:76,1,1,0
BRDA:84,2,0,0
BRDA:84,2,1,0
BRDA:113,3,0,0
BRDA:113,3,1,0
BRDA:127,4,0,0
BRDA:127,4,1,0
BRDA:136,5,0,0
BRDA:136,5,1,0
BRDA:164,6,0,0
BRDA:164,6,1,0
BRF:14
BRH:0
end_of_record
TN:
SF:src\screens\Profile\index.tsx
FN:9,Profile
FN:31,(anonymous_1)
FNF:2
FNH:1
FNDA:3,Profile
FNDA:0,(anonymous_1)
DA:10,3
LF:1
LH:1
BRF:0
BRH:0
end_of_record
TN:
SF:src\screens\Register\index.tsx
FN:50,Register
FN:72,handleTransactionTypesSelect
FN:76,handleOpenSelectCategoryModal
FN:80,handleCloseSelectCategoryModal
FN:84,handleRegister
FN:159,(anonymous_5)
FN:166,(anonymous_6)
FNF:7
FNH:2
FNDA:2,Register
FNDA:0,handleTransactionTypesSelect
FNDA:1,handleOpenSelectCategoryModal
FNDA:0,handleCloseSelectCategoryModal
FNDA:0,handleRegister
FNDA:0,(anonymous_5)
FNDA:0,(anonymous_6)
DA:38,1
DA:51,2
DA:52,2
DA:54,2
DA:56,2
DA:68,2
DA:73,0
DA:77,1
DA:81,0
DA:85,0
DA:86,0
DA:88,0
DA:89,0
DA:91,0
DA:100,0
DA:101,0
DA:103,0
DA:104,0
DA:106,0
DA:111,0
DA:113,0
DA:114,0
DA:115,0
DA:120,0
DA:123,0
DA:124,0
DA:129,2
DA:159,0
DA:166,0
LF:29
LH:8
BRDA:85,0,0,0
BRDA:85,0,1,0
BRDA:88,1,0,0
BRDA:88,1,1,0
BRDA:104,2,0,0
BRDA:104,2,1,0
BRDA:144,3,0,2
BRDA:144,3,1,0
BRDA:152,4,0,2
BRDA:152,4,1,0
BRF:10
BRH:2
end_of_record
TN:
SF:src\screens\Resume\index.tsx
FN:48,Resume
FN:57,handleDateChange
FN:66,loadData
FN:74,(anonymous_3)
FN:81,(anonymous_4)
FN:87,(anonymous_5)
FN:90,(anonymous_6)
FN:121,(anonymous_7)
FN:153,(anonymous_8)
FN:163,(anonymous_9)
FN:173,(anonymous_10)
FN:189,(anonymous_11)
FNF:12
FNH:0
FNDA:0,Resume
FNDA:0,handleDateChange
FNDA:0,loadData
FNDA:0,(anonymous_3)
FNDA:0,(anonymous_4)
FNDA:0,(anonymous_5)
FNDA:0,(anonymous_6)
FNDA:0,(anonymous_7)
FNDA:0,(anonymous_8)
FNDA:0,(anonymous_9)
FNDA:0,(anonymous_10)
FNDA:0,(anonymous_11)
DA:49,0
DA:51,0
DA:53,0
DA:54,0
DA:55,0
DA:58,0
DA:59,0
DA:60,0
DA:62,0
DA:67,0
DA:69,0
DA:70,0
DA:71,0
DA:73,0
DA:75,0
DA:80,0
DA:82,0
DA:85,0
DA:87,0
DA:88,0
DA:90,0
DA:91,0
DA:92,0
DA:96,0
DA:97,0
DA:103,0
DA:105,0
DA:116,0
DA:118,0
DA:121,0
DA:122,0
DA:125,0
DA:153,0
DA:163,0
DA:173,0
DA:190,0
LF:36
LH:0
BRDA:59,0,0,0
BRDA:59,0,1,0
BRDA:71,1,0,0
BRDA:71,1,1,0
BRDA:75,2,0,0
BRDA:75,2,1,0
BRDA:75,2,2,0
BRDA:91,3,0,0
BRDA:91,3,1,0
BRDA:96,4,0,0
BRDA:96,4,1,0
BRDA:132,5,0,0
BRDA:132,5,1,0
BRF:13
BRH:0
end_of_record
TN:
SF:src\screens\SignIn\index.tsx
FN:24,SignIn
FN:30,handleSignInWithGoogle
FN:41,handleSignInWithApple
FNF:3
FNH:0
FNDA:0,SignIn
FNDA:0,handleSignInWithGoogle
FNDA:0,handleSignInWithApple
DA:25,0
DA:26,0
DA:28,0
DA:31,0
DA:32,0
DA:33,0
DA:35,0
DA:36,0
DA:37,0
DA:42,0
DA:43,0
DA:44,0
DA:46,0
DA:47,0
DA:48,0
DA:52,0
LF:16
LH:0
BRDA:83,0,0,0
BRDA:83,0,1,0
BRDA:92,1,0,0
BRDA:92,1,1,0
BRF:4
BRH:0
end_of_record
